<?xml version="1.0" encoding="UTF-8"?>
<!-- Generated by org.testng.reporters.JUnitXMLReporter -->
<testsuite hostname="AAS" failures="0" tests="2" name="TestHomepage" time="1.383" errors="0" timestamp="22 Sep 2021 14:20:26 GMT">
  <testcase classname="Academy.HomePage" name="@BeforeTest initilize" time="0.0">
    <failure type="org.openqa.selenium.SessionNotCreatedException" message="session not created: This version of ChromeDriver only supports Chrome version 92
Current browser version is 94.0.4606.54 with binary path C:\Program Files\Google\Chrome\Application\chrome.exe
Build info: version: &amp;apos;3.141.59&amp;apos;, revision: &amp;apos;e82be7d358&amp;apos;, time: &amp;apos;2018-11-14T08:17:03&amp;apos;
System info: host: &amp;apos;AAS&amp;apos;, ip: &amp;apos;192.168.10.26&amp;apos;, os.name: &amp;apos;Windows 10&amp;apos;, os.arch: &amp;apos;amd64&amp;apos;, os.version: &amp;apos;10.0&amp;apos;, java.version: &amp;apos;15.0.2&amp;apos;
Driver info: driver.version: ChromeDriver
remote stacktrace: Backtrace:
	Ordinal0 [0x00372A33+2501171]
	Ordinal0 [0x0030D1C1+2085313]
	Ordinal0 [0x00211FA8+1056680]
	Ordinal0 [0x0023020A+1180170]
	Ordinal0 [0x0022C125+1163557]
	Ordinal0 [0x0022997F+1153407]
	Ordinal0 [0x0025999F+1350047]
	Ordinal0 [0x0025960A+1349130]
	Ordinal0 [0x0025551B+1332507]
	Ordinal0 [0x00231D74+1187188]
	Ordinal0 [0x00232BD9+1190873]
	GetHandleVerifier [0x004EEFE6+1504438]
	GetHandleVerifier [0x0059DDA5+2220661]
	GetHandleVerifier [0x003F5589+481881]
	GetHandleVerifier [0x003F4639+477961]
	Ordinal0 [0x003128BD+2107581]
	Ordinal0 [0x00316728+2123560]
	Ordinal0 [0x00316862+2123874]
	Ordinal0 [0x0031FA81+2161281]
	BaseThreadInitThunk [0x7618FA29+25]
	RtlGetAppContainerNamedObjectPath [0x77197A9E+286]
	RtlGetAppContainerNamedObjectPath [0x77197A6E+238]
">
      <![CDATA[org.openqa.selenium.SessionNotCreatedException: session not created: This version of ChromeDriver only supports Chrome version 92
Current browser version is 94.0.4606.54 with binary path C:\Program Files\Google\Chrome\Application\chrome.exe
Build info: version: '3.141.59', revision: 'e82be7d358', time: '2018-11-14T08:17:03'
System info: host: 'AAS', ip: '192.168.10.26', os.name: 'Windows 10', os.arch: 'amd64', os.version: '10.0', java.version: '15.0.2'
Driver info: driver.version: ChromeDriver
remote stacktrace: Backtrace:
	Ordinal0 [0x00372A33+2501171]
	Ordinal0 [0x0030D1C1+2085313]
	Ordinal0 [0x00211FA8+1056680]
	Ordinal0 [0x0023020A+1180170]
	Ordinal0 [0x0022C125+1163557]
	Ordinal0 [0x0022997F+1153407]
	Ordinal0 [0x0025999F+1350047]
	Ordinal0 [0x0025960A+1349130]
	Ordinal0 [0x0025551B+1332507]
	Ordinal0 [0x00231D74+1187188]
	Ordinal0 [0x00232BD9+1190873]
	GetHandleVerifier [0x004EEFE6+1504438]
	GetHandleVerifier [0x0059DDA5+2220661]
	GetHandleVerifier [0x003F5589+481881]
	GetHandleVerifier [0x003F4639+477961]
	Ordinal0 [0x003128BD+2107581]
	Ordinal0 [0x00316728+2123560]
	Ordinal0 [0x00316862+2123874]
	Ordinal0 [0x0031FA81+2161281]
	BaseThreadInitThunk [0x7618FA29+25]
	RtlGetAppContainerNamedObjectPath [0x77197A9E+286]
	RtlGetAppContainerNamedObjectPath [0x77197A6E+238]

	at org.openqa.selenium.remote.W3CHandshakeResponse.lambda$errorHandler$0(W3CHandshakeResponse.java:62)
	at org.openqa.selenium.remote.HandshakeResponse.lambda$getResponseFunction$0(HandshakeResponse.java:30)
	at org.openqa.selenium.remote.ProtocolHandshake.lambda$createSession$0(ProtocolHandshake.java:126)
	at java.base/java.util.stream.ReferencePipeline$3$1.accept(ReferencePipeline.java:195)
	at java.base/java.util.Spliterators$ArraySpliterator.tryAdvance(Spliterators.java:958)
	at java.base/java.util.stream.ReferencePipeline.forEachWithCancel(ReferencePipeline.java:127)
	at java.base/java.util.stream.AbstractPipeline.copyIntoWithCancel(AbstractPipeline.java:502)
	at java.base/java.util.stream.AbstractPipeline.copyInto(AbstractPipeline.java:488)
	at java.base/java.util.stream.AbstractPipeline.wrapAndCopyInto(AbstractPipeline.java:474)
	at java.base/java.util.stream.FindOps$FindOp.evaluateSequential(FindOps.java:150)
	at java.base/java.util.stream.AbstractPipeline.evaluate(AbstractPipeline.java:234)
	at java.base/java.util.stream.ReferencePipeline.findFirst(ReferencePipeline.java:543)
	at org.openqa.selenium.remote.ProtocolHandshake.createSession(ProtocolHandshake.java:128)
	at org.openqa.selenium.remote.ProtocolHandshake.createSession(ProtocolHandshake.java:74)
	at org.openqa.selenium.remote.HttpCommandExecutor.execute(HttpCommandExecutor.java:136)
	at org.openqa.selenium.remote.service.DriverCommandExecutor.execute(DriverCommandExecutor.java:83)
	at org.openqa.selenium.remote.RemoteWebDriver.execute(RemoteWebDriver.java:552)
	at org.openqa.selenium.remote.RemoteWebDriver.startSession(RemoteWebDriver.java:213)
	at org.openqa.selenium.remote.RemoteWebDriver.<init>(RemoteWebDriver.java:131)
	at org.openqa.selenium.chrome.ChromeDriver.<init>(ChromeDriver.java:181)
	at org.openqa.selenium.chrome.ChromeDriver.<init>(ChromeDriver.java:168)
	at org.openqa.selenium.chrome.ChromeDriver.<init>(ChromeDriver.java:123)
	at Resources.base.initializeDriver(base.java:25)
	at Academy.HomePage.initilize(HomePage.java:27)
... Removed 27 stack frames]]>
    </failure>
  </testcase> <!-- @BeforeTest initilize -->
  <testcase classname="Academy.HomePage" name="@AfterTest teardown" time="0.0">
    <skipped/>
  </testcase> <!-- @AfterTest teardown -->
  <testcase classname="Academy.HomePage" name="basePageNavigation" time="0.002">
    <skipped/>
  </testcase> <!-- basePageNavigation -->
  <testcase classname="Academy.HomePage" name="basePageNavigation" time="0.003">
    <skipped/>
  </testcase> <!-- basePageNavigation -->
</testsuite> <!-- TestHomepage -->
